2025/01/07 05:13:15 [notice] 1#1: using the "epoll" event method
2025/01/07 05:13:15 [notice] 1#1: nginx/1.26.2
2025/01/07 05:13:15 [notice] 1#1: built by gcc 13.2.1 20240309 (Alpine 13.2.1_git20240309) 
2025/01/07 05:13:15 [notice] 1#1: OS: Linux 6.8.0-51-generic
2025/01/07 05:13:15 [notice] 1#1: getrlimit(RLIMIT_NOFILE): 1048576:1048576
2025/01/07 05:13:15 [notice] 1#1: start worker processes
2025/01/07 05:13:15 [notice] 1#1: start worker process 20
2025/01/07 05:13:15 [notice] 1#1: start worker process 21
2025/01/07 05:13:15 [notice] 1#1: start worker process 22
2025/01/07 05:13:15 [notice] 1#1: start worker process 23
2025/01/07 05:13:15 [notice] 1#1: start worker process 24
2025/01/07 05:13:15 [notice] 1#1: start worker process 25
2025/01/07 05:13:15 [notice] 1#1: start worker process 26
2025/01/07 05:13:15 [notice] 1#1: start worker process 27
2025/01/07 05:13:15 [notice] 1#1: start worker process 28
2025/01/07 05:13:15 [notice] 1#1: start worker process 29
2025/01/07 05:13:15 [notice] 1#1: start worker process 30
2025/01/07 05:13:15 [notice] 1#1: start worker process 31
2025/01/07 05:13:15 [notice] 1#1: start worker process 32
2025/01/07 05:13:15 [notice] 1#1: start worker process 33
2025/01/07 05:13:15 [notice] 1#1: start worker process 34
2025/01/07 05:13:15 [notice] 1#1: start worker process 35
2025/01/07 05:17:39 [notice] 1#1: signal 3 (SIGQUIT) received, shutting down
2025/01/07 05:17:39 [notice] 20#20: gracefully shutting down
2025/01/07 05:17:39 [notice] 22#22: gracefully shutting down
2025/01/07 05:17:39 [notice] 21#21: gracefully shutting down
2025/01/07 05:17:39 [notice] 23#23: gracefully shutting down
2025/01/07 05:17:39 [notice] 24#24: gracefully shutting down
2025/01/07 05:17:39 [notice] 27#27: gracefully shutting down
2025/01/07 05:17:39 [notice] 28#28: gracefully shutting down
2025/01/07 05:17:39 [notice] 25#25: gracefully shutting down
2025/01/07 05:17:39 [notice] 20#20: exiting
2025/01/07 05:17:39 [notice] 26#26: gracefully shutting down
2025/01/07 05:17:39 [notice] 22#22: exiting
2025/01/07 05:17:39 [notice] 29#29: gracefully shutting down
2025/01/07 05:17:39 [notice] 30#30: gracefully shutting down
2025/01/07 05:17:39 [notice] 31#31: gracefully shutting down
2025/01/07 05:17:39 [notice] 21#21: exiting
2025/01/07 05:17:39 [notice] 23#23: exiting
2025/01/07 05:17:39 [notice] 31#31: exiting
2025/01/07 05:17:39 [notice] 32#32: gracefully shutting down
2025/01/07 05:17:39 [notice] 34#34: gracefully shutting down
2025/01/07 05:17:39 [notice] 33#33: gracefully shutting down
2025/01/07 05:17:39 [notice] 24#24: exiting
2025/01/07 05:17:39 [notice] 27#27: exiting
2025/01/07 05:17:39 [notice] 28#28: exiting
2025/01/07 05:17:39 [notice] 25#25: exiting
2025/01/07 05:17:39 [notice] 26#26: exiting
2025/01/07 05:17:39 [notice] 29#29: exiting
2025/01/07 05:17:39 [notice] 30#30: exiting
2025/01/07 05:17:39 [notice] 32#32: exiting
2025/01/07 05:17:39 [notice] 34#34: exiting
2025/01/07 05:17:39 [notice] 33#33: exiting
2025/01/07 05:17:39 [notice] 22#22: exit
2025/01/07 05:17:39 [notice] 20#20: exit
2025/01/07 05:17:39 [notice] 23#23: exit
2025/01/07 05:17:39 [notice] 21#21: exit
2025/01/07 05:17:39 [notice] 31#31: exit
2025/01/07 05:17:39 [notice] 24#24: exit
2025/01/07 05:17:39 [notice] 27#27: exit
2025/01/07 05:17:39 [notice] 28#28: exit
2025/01/07 05:17:39 [notice] 25#25: exit
2025/01/07 05:17:39 [notice] 29#29: exit
2025/01/07 05:17:39 [notice] 30#30: exit
2025/01/07 05:17:39 [notice] 26#26: exit
2025/01/07 05:17:39 [notice] 32#32: exit
2025/01/07 05:17:39 [notice] 34#34: exit
2025/01/07 05:17:39 [notice] 33#33: exit
2025/01/07 05:17:39 [notice] 35#35: gracefully shutting down
2025/01/07 05:17:39 [notice] 35#35: exiting
2025/01/07 05:17:39 [notice] 35#35: exit
2025/01/07 05:17:40 [notice] 1#1: signal 17 (SIGCHLD) received from 32
2025/01/07 05:17:40 [notice] 1#1: worker process 32 exited with code 0
2025/01/07 05:17:40 [notice] 1#1: signal 29 (SIGIO) received
2025/01/07 05:17:40 [notice] 1#1: signal 17 (SIGCHLD) received from 35
2025/01/07 05:17:40 [notice] 1#1: worker process 25 exited with code 0
2025/01/07 05:17:40 [notice] 1#1: worker process 35 exited with code 0
2025/01/07 05:17:40 [notice] 1#1: signal 29 (SIGIO) received
2025/01/07 05:17:40 [notice] 1#1: signal 17 (SIGCHLD) received from 30
2025/01/07 05:17:40 [notice] 1#1: worker process 30 exited with code 0
2025/01/07 05:17:40 [notice] 1#1: signal 29 (SIGIO) received
2025/01/07 05:17:40 [notice] 1#1: signal 17 (SIGCHLD) received from 26
2025/01/07 05:17:40 [notice] 1#1: worker process 26 exited with code 0
2025/01/07 05:17:40 [notice] 1#1: worker process 28 exited with code 0
2025/01/07 05:17:40 [notice] 1#1: signal 29 (SIGIO) received
2025/01/07 05:17:40 [notice] 1#1: signal 17 (SIGCHLD) received from 28
2025/01/07 05:17:40 [notice] 1#1: signal 17 (SIGCHLD) received from 33
2025/01/07 05:17:40 [notice] 1#1: worker process 24 exited with code 0
2025/01/07 05:17:40 [notice] 1#1: worker process 33 exited with code 0
2025/01/07 05:17:40 [notice] 1#1: signal 29 (SIGIO) received
2025/01/07 05:17:40 [notice] 1#1: signal 17 (SIGCHLD) received from 22
2025/01/07 05:17:40 [notice] 1#1: worker process 22 exited with code 0
2025/01/07 05:17:40 [notice] 1#1: signal 29 (SIGIO) received
2025/01/07 05:17:40 [notice] 1#1: signal 17 (SIGCHLD) received from 27
2025/01/07 05:17:40 [notice] 1#1: worker process 27 exited with code 0
2025/01/07 05:17:40 [notice] 1#1: signal 29 (SIGIO) received
2025/01/07 05:17:40 [notice] 1#1: signal 17 (SIGCHLD) received from 31
2025/01/07 05:17:40 [notice] 1#1: worker process 31 exited with code 0
2025/01/07 05:17:40 [notice] 1#1: signal 29 (SIGIO) received
2025/01/07 05:17:40 [notice] 1#1: signal 17 (SIGCHLD) received from 34
2025/01/07 05:17:40 [notice] 1#1: worker process 34 exited with code 0
2025/01/07 05:17:40 [notice] 1#1: signal 29 (SIGIO) received
2025/01/07 05:17:40 [notice] 1#1: signal 17 (SIGCHLD) received from 29
2025/01/07 05:17:40 [notice] 1#1: worker process 29 exited with code 0
2025/01/07 05:17:40 [notice] 1#1: signal 29 (SIGIO) received
2025/01/07 05:17:40 [notice] 1#1: signal 17 (SIGCHLD) received from 21
2025/01/07 05:17:40 [notice] 1#1: worker process 21 exited with code 0
2025/01/07 05:17:40 [notice] 1#1: signal 29 (SIGIO) received
2025/01/07 05:17:40 [notice] 1#1: signal 17 (SIGCHLD) received from 20
2025/01/07 05:17:40 [notice] 1#1: worker process 20 exited with code 0
2025/01/07 05:17:40 [notice] 1#1: signal 29 (SIGIO) received
2025/01/07 05:17:40 [notice] 1#1: signal 17 (SIGCHLD) received from 23
2025/01/07 05:17:40 [notice] 1#1: worker process 23 exited with code 0
2025/01/07 05:17:40 [notice] 1#1: exit
2025/01/07 05:17:41 [notice] 1#1: using the "epoll" event method
2025/01/07 05:17:41 [notice] 1#1: nginx/1.26.2
2025/01/07 05:17:41 [notice] 1#1: built by gcc 13.2.1 20240309 (Alpine 13.2.1_git20240309) 
2025/01/07 05:17:41 [notice] 1#1: OS: Linux 6.8.0-51-generic
2025/01/07 05:17:41 [notice] 1#1: getrlimit(RLIMIT_NOFILE): 1048576:1048576
2025/01/07 05:17:41 [notice] 1#1: start worker processes
2025/01/07 05:17:41 [notice] 1#1: start worker process 20
2025/01/07 05:17:41 [notice] 1#1: start worker process 21
2025/01/07 05:17:41 [notice] 1#1: start worker process 22
2025/01/07 05:17:41 [notice] 1#1: start worker process 23
2025/01/07 05:17:41 [notice] 1#1: start worker process 24
2025/01/07 05:17:41 [notice] 1#1: start worker process 25
2025/01/07 05:17:41 [notice] 1#1: start worker process 26
2025/01/07 05:17:41 [notice] 1#1: start worker process 27
2025/01/07 05:17:41 [notice] 1#1: start worker process 28
2025/01/07 05:17:41 [notice] 1#1: start worker process 29
2025/01/07 05:17:41 [notice] 1#1: start worker process 30
2025/01/07 05:17:41 [notice] 1#1: start worker process 31
2025/01/07 05:17:41 [notice] 1#1: start worker process 32
2025/01/07 05:17:41 [notice] 1#1: start worker process 33
2025/01/07 05:17:41 [notice] 1#1: start worker process 34
2025/01/07 05:17:41 [notice] 1#1: start worker process 35
2025/01/07 05:28:30 [notice] 1#1: signal 3 (SIGQUIT) received, shutting down
2025/01/07 05:28:30 [notice] 20#20: gracefully shutting down
2025/01/07 05:28:30 [notice] 21#21: gracefully shutting down
2025/01/07 05:28:30 [notice] 22#22: gracefully shutting down
2025/01/07 05:28:30 [notice] 23#23: gracefully shutting down
2025/01/07 05:28:30 [notice] 20#20: exiting
2025/01/07 05:28:30 [notice] 25#25: gracefully shutting down
2025/01/07 05:28:30 [notice] 24#24: gracefully shutting down
2025/01/07 05:28:30 [notice] 26#26: gracefully shutting down
2025/01/07 05:28:30 [notice] 21#21: exiting
2025/01/07 05:28:30 [notice] 24#24: exiting
2025/01/07 05:28:30 [notice] 28#28: gracefully shutting down
2025/01/07 05:28:30 [notice] 27#27: gracefully shutting down
2025/01/07 05:28:30 [notice] 29#29: gracefully shutting down
2025/01/07 05:28:30 [notice] 30#30: gracefully shutting down
2025/01/07 05:28:30 [notice] 22#22: exiting
2025/01/07 05:28:30 [notice] 23#23: exiting
2025/01/07 05:28:30 [notice] 33#33: gracefully shutting down
2025/01/07 05:28:30 [notice] 32#32: gracefully shutting down
2025/01/07 05:28:30 [notice] 25#25: exiting
2025/01/07 05:28:30 [notice] 31#31: gracefully shutting down
2025/01/07 05:28:30 [notice] 26#26: exiting
2025/01/07 05:28:30 [notice] 28#28: exiting
2025/01/07 05:28:30 [notice] 27#27: exiting
2025/01/07 05:28:30 [notice] 29#29: exiting
2025/01/07 05:28:30 [notice] 30#30: exiting
2025/01/07 05:28:30 [notice] 33#33: exiting
2025/01/07 05:28:30 [notice] 32#32: exiting
2025/01/07 05:28:30 [notice] 31#31: exiting
2025/01/07 05:28:30 [notice] 20#20: exit
2025/01/07 05:28:30 [notice] 21#21: exit
2025/01/07 05:28:30 [notice] 25#25: exit
2025/01/07 05:28:30 [notice] 24#24: exit
2025/01/07 05:28:30 [notice] 23#23: exit
2025/01/07 05:28:30 [notice] 28#28: exit
2025/01/07 05:28:30 [notice] 33#33: exit
2025/01/07 05:28:30 [notice] 29#29: exit
2025/01/07 05:28:30 [notice] 30#30: exit
2025/01/07 05:28:30 [notice] 22#22: exit
2025/01/07 05:28:30 [notice] 26#26: exit
2025/01/07 05:28:30 [notice] 32#32: exit
2025/01/07 05:28:30 [notice] 31#31: exit
2025/01/07 05:28:30 [notice] 27#27: exit
2025/01/07 05:28:30 [notice] 34#34: gracefully shutting down
2025/01/07 05:28:30 [notice] 34#34: exiting
2025/01/07 05:28:30 [notice] 35#35: gracefully shutting down
2025/01/07 05:28:30 [notice] 35#35: exiting
2025/01/07 05:28:30 [notice] 34#34: exit
2025/01/07 05:28:30 [notice] 35#35: exit
2025/01/07 05:28:30 [notice] 1#1: signal 17 (SIGCHLD) received from 26
2025/01/07 05:28:30 [notice] 1#1: worker process 26 exited with code 0
2025/01/07 05:28:30 [notice] 1#1: signal 29 (SIGIO) received
2025/01/07 05:28:30 [notice] 1#1: signal 17 (SIGCHLD) received from 29
2025/01/07 05:28:30 [notice] 1#1: worker process 29 exited with code 0
2025/01/07 05:28:30 [notice] 1#1: signal 29 (SIGIO) received
2025/01/07 05:28:30 [notice] 1#1: signal 17 (SIGCHLD) received from 22
2025/01/07 05:28:30 [notice] 1#1: worker process 22 exited with code 0
2025/01/07 05:28:30 [notice] 1#1: signal 29 (SIGIO) received
2025/01/07 05:28:30 [notice] 1#1: signal 17 (SIGCHLD) received from 33
2025/01/07 05:28:30 [notice] 1#1: worker process 33 exited with code 0
2025/01/07 05:28:30 [notice] 1#1: signal 29 (SIGIO) received
2025/01/07 05:28:30 [notice] 1#1: signal 17 (SIGCHLD) received from 30
2025/01/07 05:28:30 [notice] 1#1: worker process 30 exited with code 0
2025/01/07 05:28:30 [notice] 1#1: signal 29 (SIGIO) received
2025/01/07 05:28:30 [notice] 1#1: signal 17 (SIGCHLD) received from 31
2025/01/07 05:28:30 [notice] 1#1: worker process 31 exited with code 0
2025/01/07 05:28:30 [notice] 1#1: signal 29 (SIGIO) received
2025/01/07 05:28:30 [notice] 1#1: signal 17 (SIGCHLD) received from 27
2025/01/07 05:28:30 [notice] 1#1: worker process 27 exited with code 0
2025/01/07 05:28:30 [notice] 1#1: signal 29 (SIGIO) received
2025/01/07 05:28:30 [notice] 1#1: signal 17 (SIGCHLD) received from 25
2025/01/07 05:28:30 [notice] 1#1: worker process 23 exited with code 0
2025/01/07 05:28:30 [notice] 1#1: worker process 25 exited with code 0
2025/01/07 05:28:30 [notice] 1#1: signal 29 (SIGIO) received
2025/01/07 05:28:30 [notice] 1#1: signal 17 (SIGCHLD) received from 21
2025/01/07 05:28:30 [notice] 1#1: worker process 21 exited with code 0
2025/01/07 05:28:30 [notice] 1#1: worker process 35 exited with code 0
2025/01/07 05:28:30 [notice] 1#1: signal 29 (SIGIO) received
2025/01/07 05:28:30 [notice] 1#1: signal 17 (SIGCHLD) received from 34
2025/01/07 05:28:30 [notice] 1#1: worker process 34 exited with code 0
2025/01/07 05:28:30 [notice] 1#1: worker process 32 exited with code 0
2025/01/07 05:28:30 [notice] 1#1: signal 29 (SIGIO) received
2025/01/07 05:28:30 [notice] 1#1: signal 17 (SIGCHLD) received from 32
2025/01/07 05:28:30 [notice] 1#1: worker process 24 exited with code 0
2025/01/07 05:28:30 [notice] 1#1: signal 29 (SIGIO) received
2025/01/07 05:28:30 [notice] 1#1: signal 17 (SIGCHLD) received from 24
2025/01/07 05:28:30 [notice] 1#1: signal 17 (SIGCHLD) received from 28
2025/01/07 05:28:30 [notice] 1#1: worker process 28 exited with code 0
2025/01/07 05:28:30 [notice] 1#1: signal 29 (SIGIO) received
2025/01/07 05:28:30 [notice] 1#1: signal 17 (SIGCHLD) received from 20
2025/01/07 05:28:30 [notice] 1#1: worker process 20 exited with code 0
2025/01/07 05:28:30 [notice] 1#1: exit
2025/01/07 05:28:37 [notice] 1#1: using the "epoll" event method
2025/01/07 05:28:37 [notice] 1#1: nginx/1.26.2
2025/01/07 05:28:37 [notice] 1#1: built by gcc 13.2.1 20240309 (Alpine 13.2.1_git20240309) 
2025/01/07 05:28:37 [notice] 1#1: OS: Linux 6.8.0-51-generic
2025/01/07 05:28:37 [notice] 1#1: getrlimit(RLIMIT_NOFILE): 1048576:1048576
2025/01/07 05:28:37 [notice] 1#1: start worker processes
2025/01/07 05:28:37 [notice] 1#1: start worker process 21
2025/01/07 05:28:37 [notice] 1#1: start worker process 22
2025/01/07 05:28:37 [notice] 1#1: start worker process 23
2025/01/07 05:28:37 [notice] 1#1: start worker process 24
2025/01/07 05:28:37 [notice] 1#1: start worker process 25
2025/01/07 05:28:37 [notice] 1#1: start worker process 26
2025/01/07 05:28:37 [notice] 1#1: start worker process 27
2025/01/07 05:28:37 [notice] 1#1: start worker process 28
2025/01/07 05:28:37 [notice] 1#1: start worker process 29
2025/01/07 05:28:37 [notice] 1#1: start worker process 30
2025/01/07 05:28:37 [notice] 1#1: start worker process 31
2025/01/07 05:28:37 [notice] 1#1: start worker process 32
2025/01/07 05:28:37 [notice] 1#1: start worker process 33
2025/01/07 05:28:37 [notice] 1#1: start worker process 34
2025/01/07 05:28:37 [notice] 1#1: start worker process 35
2025/01/07 05:28:37 [notice] 1#1: start worker process 36
2025/01/07 05:41:29 [notice] 1#1: signal 3 (SIGQUIT) received, shutting down
2025/01/07 05:41:29 [notice] 22#22: gracefully shutting down
2025/01/07 05:41:29 [notice] 21#21: gracefully shutting down
2025/01/07 05:41:29 [notice] 25#25: gracefully shutting down
2025/01/07 05:41:29 [notice] 23#23: gracefully shutting down
2025/01/07 05:41:29 [notice] 24#24: gracefully shutting down
2025/01/07 05:41:29 [notice] 28#28: gracefully shutting down
2025/01/07 05:41:29 [notice] 26#26: gracefully shutting down
2025/01/07 05:41:29 [notice] 29#29: gracefully shutting down
2025/01/07 05:41:29 [notice] 22#22: exiting
2025/01/07 05:41:29 [notice] 27#27: gracefully shutting down
2025/01/07 05:41:29 [notice] 30#30: gracefully shutting down
2025/01/07 05:41:29 [notice] 32#32: gracefully shutting down
2025/01/07 05:41:29 [notice] 31#31: gracefully shutting down
2025/01/07 05:41:29 [notice] 34#34: gracefully shutting down
2025/01/07 05:41:29 [notice] 21#21: exiting
2025/01/07 05:41:29 [notice] 33#33: gracefully shutting down
2025/01/07 05:41:29 [notice] 25#25: exiting
2025/01/07 05:41:29 [notice] 23#23: exiting
2025/01/07 05:41:29 [notice] 24#24: exiting
2025/01/07 05:41:29 [notice] 28#28: exiting
2025/01/07 05:41:29 [notice] 35#35: gracefully shutting down
2025/01/07 05:41:29 [notice] 26#26: exiting
2025/01/07 05:41:29 [notice] 29#29: exiting
2025/01/07 05:41:29 [notice] 27#27: exiting
2025/01/07 05:41:29 [notice] 30#30: exiting
2025/01/07 05:41:29 [notice] 32#32: exiting
2025/01/07 05:41:29 [notice] 31#31: exiting
2025/01/07 05:41:29 [notice] 34#34: exiting
2025/01/07 05:41:29 [notice] 33#33: exiting
2025/01/07 05:41:29 [notice] 35#35: exiting
2025/01/07 05:41:29 [notice] 22#22: exit
2025/01/07 05:41:29 [notice] 25#25: exit
2025/01/07 05:41:29 [notice] 28#28: exit
2025/01/07 05:41:29 [notice] 21#21: exit
2025/01/07 05:41:29 [notice] 33#33: exit
2025/01/07 05:41:29 [notice] 29#29: exit
2025/01/07 05:41:29 [notice] 23#23: exit
2025/01/07 05:41:29 [notice] 24#24: exit
2025/01/07 05:41:29 [notice] 31#31: exit
2025/01/07 05:41:29 [notice] 35#35: exit
2025/01/07 05:41:29 [notice] 26#26: exit
2025/01/07 05:41:29 [notice] 32#32: exit
2025/01/07 05:41:29 [notice] 30#30: exit
2025/01/07 05:41:29 [notice] 34#34: exit
2025/01/07 05:41:29 [notice] 27#27: exit
2025/01/07 05:41:29 [notice] 36#36: gracefully shutting down
2025/01/07 05:41:29 [notice] 36#36: exiting
2025/01/07 05:41:29 [notice] 36#36: exit
2025/01/07 05:41:29 [notice] 1#1: signal 17 (SIGCHLD) received from 22
2025/01/07 05:41:29 [notice] 1#1: worker process 22 exited with code 0
2025/01/07 05:41:29 [notice] 1#1: signal 29 (SIGIO) received
2025/01/07 05:41:29 [notice] 1#1: signal 17 (SIGCHLD) received from 21
2025/01/07 05:41:29 [notice] 1#1: worker process 21 exited with code 0
2025/01/07 05:41:29 [notice] 1#1: signal 29 (SIGIO) received
2025/01/07 05:41:29 [notice] 1#1: signal 17 (SIGCHLD) received from 28
2025/01/07 05:41:29 [notice] 1#1: worker process 25 exited with code 0
2025/01/07 05:41:29 [notice] 1#1: worker process 28 exited with code 0
2025/01/07 05:41:29 [notice] 1#1: signal 29 (SIGIO) received
2025/01/07 05:41:29 [notice] 1#1: signal 17 (SIGCHLD) received from 24
2025/01/07 05:41:29 [notice] 1#1: worker process 24 exited with code 0
2025/01/07 05:41:29 [notice] 1#1: worker process 27 exited with code 0
2025/01/07 05:41:29 [notice] 1#1: worker process 36 exited with code 0
2025/01/07 05:41:29 [notice] 1#1: signal 29 (SIGIO) received
2025/01/07 05:41:29 [notice] 1#1: signal 17 (SIGCHLD) received from 36
2025/01/07 05:41:29 [notice] 1#1: worker process 26 exited with code 0
2025/01/07 05:41:29 [notice] 1#1: worker process 34 exited with code 0
2025/01/07 05:41:29 [notice] 1#1: signal 29 (SIGIO) received
2025/01/07 05:41:29 [notice] 1#1: signal 17 (SIGCHLD) received from 35
2025/01/07 05:41:29 [notice] 1#1: worker process 35 exited with code 0
2025/01/07 05:41:29 [notice] 1#1: signal 29 (SIGIO) received
2025/01/07 05:41:29 [notice] 1#1: signal 17 (SIGCHLD) received from 33
2025/01/07 05:41:29 [notice] 1#1: worker process 33 exited with code 0
2025/01/07 05:41:29 [notice] 1#1: signal 29 (SIGIO) received
2025/01/07 05:41:29 [notice] 1#1: signal 17 (SIGCHLD) received from 23
2025/01/07 05:41:29 [notice] 1#1: worker process 23 exited with code 0
2025/01/07 05:41:29 [notice] 1#1: signal 29 (SIGIO) received
2025/01/07 05:41:29 [notice] 1#1: signal 17 (SIGCHLD) received from 31
2025/01/07 05:41:29 [notice] 1#1: worker process 31 exited with code 0
2025/01/07 05:41:29 [notice] 1#1: signal 29 (SIGIO) received
2025/01/07 05:41:29 [notice] 1#1: signal 17 (SIGCHLD) received from 32
2025/01/07 05:41:29 [notice] 1#1: worker process 32 exited with code 0
2025/01/07 05:41:29 [notice] 1#1: signal 29 (SIGIO) received
2025/01/07 05:41:29 [notice] 1#1: signal 17 (SIGCHLD) received from 29
2025/01/07 05:41:29 [notice] 1#1: worker process 29 exited with code 0
2025/01/07 05:41:29 [notice] 1#1: signal 29 (SIGIO) received
2025/01/07 05:41:29 [notice] 1#1: signal 17 (SIGCHLD) received from 30
2025/01/07 05:41:29 [notice] 1#1: worker process 30 exited with code 0
2025/01/07 05:41:29 [notice] 1#1: exit
2025/01/07 05:41:36 [notice] 1#1: using the "epoll" event method
2025/01/07 05:41:36 [notice] 1#1: nginx/1.26.2
2025/01/07 05:41:36 [notice] 1#1: built by gcc 13.2.1 20240309 (Alpine 13.2.1_git20240309) 
2025/01/07 05:41:36 [notice] 1#1: OS: Linux 6.8.0-51-generic
2025/01/07 05:41:36 [notice] 1#1: getrlimit(RLIMIT_NOFILE): 1048576:1048576
2025/01/07 05:41:36 [notice] 1#1: start worker processes
2025/01/07 05:41:36 [notice] 1#1: start worker process 20
2025/01/07 05:41:36 [notice] 1#1: start worker process 21
2025/01/07 05:41:36 [notice] 1#1: start worker process 22
2025/01/07 05:41:36 [notice] 1#1: start worker process 23
2025/01/07 05:41:36 [notice] 1#1: start worker process 24
2025/01/07 05:41:36 [notice] 1#1: start worker process 25
2025/01/07 05:41:36 [notice] 1#1: start worker process 26
2025/01/07 05:41:36 [notice] 1#1: start worker process 27
2025/01/07 05:41:36 [notice] 1#1: start worker process 28
2025/01/07 05:41:36 [notice] 1#1: start worker process 29
2025/01/07 05:41:36 [notice] 1#1: start worker process 30
2025/01/07 05:41:36 [notice] 1#1: start worker process 31
2025/01/07 05:41:36 [notice] 1#1: start worker process 32
2025/01/07 05:41:36 [notice] 1#1: start worker process 33
2025/01/07 05:41:36 [notice] 1#1: start worker process 34
2025/01/07 05:41:36 [notice] 1#1: start worker process 35
2025/01/07 13:23:45 [notice] 1#1: using the "epoll" event method
2025/01/07 13:23:45 [notice] 1#1: nginx/1.26.2
2025/01/07 13:23:45 [notice] 1#1: built by gcc 13.2.1 20240309 (Alpine 13.2.1_git20240309) 
2025/01/07 13:23:45 [notice] 1#1: OS: Linux 6.8.0-51-generic
2025/01/07 13:23:45 [notice] 1#1: getrlimit(RLIMIT_NOFILE): 1048576:1048576
2025/01/07 13:23:45 [notice] 1#1: start worker processes
2025/01/07 13:23:45 [notice] 1#1: start worker process 20
2025/01/07 13:23:45 [notice] 1#1: start worker process 21
2025/01/07 13:23:45 [notice] 1#1: start worker process 22
2025/01/07 13:23:45 [notice] 1#1: start worker process 23
2025/01/07 13:23:45 [notice] 1#1: start worker process 24
2025/01/07 13:23:45 [notice] 1#1: start worker process 25
2025/01/07 13:23:45 [notice] 1#1: start worker process 26
2025/01/07 13:23:45 [notice] 1#1: start worker process 27
2025/01/07 13:23:45 [notice] 1#1: start worker process 28
2025/01/07 13:23:45 [notice] 1#1: start worker process 29
2025/01/07 13:23:45 [notice] 1#1: start worker process 30
2025/01/07 13:23:45 [notice] 1#1: start worker process 31
2025/01/07 13:23:45 [notice] 1#1: start worker process 32
2025/01/07 13:23:45 [notice] 1#1: start worker process 33
2025/01/07 13:23:45 [notice] 1#1: start worker process 34
2025/01/07 13:23:45 [notice] 1#1: start worker process 35
2025/01/07 16:07:27 [notice] 1#1: signal 3 (SIGQUIT) received, shutting down
2025/01/07 16:07:27 [notice] 25#25: gracefully shutting down
2025/01/07 16:07:27 [notice] 23#23: gracefully shutting down
2025/01/07 16:07:27 [notice] 25#25: exiting
2025/01/07 16:07:27 [notice] 22#22: gracefully shutting down
2025/01/07 16:07:27 [notice] 23#23: exiting
2025/01/07 16:07:27 [notice] 22#22: exiting
2025/01/07 16:07:27 [notice] 25#25: exit
2025/01/07 16:07:27 [notice] 23#23: exit
2025/01/07 16:07:27 [notice] 22#22: exit
2025/01/07 16:07:27 [notice] 35#35: gracefully shutting down
2025/01/07 16:07:27 [notice] 33#33: gracefully shutting down
2025/01/07 16:07:27 [notice] 35#35: exiting
2025/01/07 16:07:27 [notice] 33#33: exiting
2025/01/07 16:07:27 [notice] 35#35: exit
2025/01/07 16:07:27 [notice] 33#33: exit
2025/01/07 16:07:27 [notice] 21#21: gracefully shutting down
2025/01/07 16:07:27 [notice] 21#21: exiting
2025/01/07 16:07:27 [notice] 24#24: gracefully shutting down
2025/01/07 16:07:27 [notice] 24#24: exiting
2025/01/07 16:07:27 [notice] 21#21: exit
2025/01/07 16:07:27 [notice] 24#24: exit
2025/01/07 16:07:27 [notice] 29#29: gracefully shutting down
2025/01/07 16:07:27 [notice] 27#27: gracefully shutting down
2025/01/07 16:07:27 [notice] 29#29: exiting
2025/01/07 16:07:27 [notice] 27#27: exiting
2025/01/07 16:07:27 [notice] 29#29: exit
2025/01/07 16:07:27 [notice] 27#27: exit
2025/01/07 16:07:27 [notice] 20#20: gracefully shutting down
2025/01/07 16:07:27 [notice] 20#20: exiting
2025/01/07 16:07:27 [notice] 20#20: exit
2025/01/07 16:07:27 [notice] 26#26: gracefully shutting down
2025/01/07 16:07:27 [notice] 26#26: exiting
2025/01/07 16:07:27 [notice] 26#26: exit
2025/01/07 16:07:27 [notice] 28#28: gracefully shutting down
2025/01/07 16:07:27 [notice] 32#32: gracefully shutting down
2025/01/07 16:07:27 [notice] 34#34: gracefully shutting down
2025/01/07 16:07:27 [notice] 28#28: exiting
2025/01/07 16:07:27 [notice] 32#32: exiting
2025/01/07 16:07:27 [notice] 34#34: exiting
2025/01/07 16:07:27 [notice] 28#28: exit
2025/01/07 16:07:27 [notice] 32#32: exit
2025/01/07 16:07:27 [notice] 34#34: exit
2025/01/07 16:07:27 [notice] 31#31: gracefully shutting down
2025/01/07 16:07:27 [notice] 31#31: exiting
2025/01/07 16:07:27 [notice] 31#31: exit
2025/01/07 16:07:27 [notice] 30#30: gracefully shutting down
2025/01/07 16:07:27 [notice] 30#30: exiting
2025/01/07 16:07:27 [notice] 30#30: exit
2025/01/07 16:07:27 [notice] 1#1: signal 17 (SIGCHLD) received from 29
2025/01/07 16:07:27 [notice] 1#1: worker process 29 exited with code 0
2025/01/07 16:07:27 [notice] 1#1: signal 29 (SIGIO) received
2025/01/07 16:07:27 [notice] 1#1: signal 17 (SIGCHLD) received from 26
2025/01/07 16:07:27 [notice] 1#1: worker process 20 exited with code 0
2025/01/07 16:07:27 [notice] 1#1: worker process 22 exited with code 0
2025/01/07 16:07:27 [notice] 1#1: worker process 26 exited with code 0
2025/01/07 16:07:27 [notice] 1#1: worker process 28 exited with code 0
2025/01/07 16:07:27 [notice] 1#1: signal 29 (SIGIO) received
2025/01/07 16:07:27 [notice] 1#1: signal 17 (SIGCHLD) received from 25
2025/01/07 16:07:27 [notice] 1#1: worker process 23 exited with code 0
2025/01/07 16:07:27 [notice] 1#1: worker process 25 exited with code 0
2025/01/07 16:07:27 [notice] 1#1: worker process 32 exited with code 0
2025/01/07 16:07:27 [notice] 1#1: worker process 24 exited with code 0
2025/01/07 16:07:27 [notice] 1#1: signal 29 (SIGIO) received
2025/01/07 16:07:27 [notice] 1#1: signal 17 (SIGCHLD) received from 23
2025/01/07 16:07:27 [notice] 1#1: worker process 30 exited with code 0
2025/01/07 16:07:27 [notice] 1#1: signal 29 (SIGIO) received
2025/01/07 16:07:27 [notice] 1#1: signal 17 (SIGCHLD) received from 33
2025/01/07 16:07:27 [notice] 1#1: worker process 31 exited with code 0
2025/01/07 16:07:27 [notice] 1#1: worker process 33 exited with code 0
2025/01/07 16:07:27 [notice] 1#1: signal 29 (SIGIO) received
2025/01/07 16:07:27 [notice] 1#1: signal 17 (SIGCHLD) received from 21
2025/01/07 16:07:27 [notice] 1#1: worker process 21 exited with code 0
2025/01/07 16:07:27 [notice] 1#1: signal 29 (SIGIO) received
2025/01/07 16:07:27 [notice] 1#1: signal 17 (SIGCHLD) received from 27
2025/01/07 16:07:27 [notice] 1#1: worker process 27 exited with code 0
2025/01/07 16:07:27 [notice] 1#1: signal 29 (SIGIO) received
2025/01/07 16:07:27 [notice] 1#1: signal 17 (SIGCHLD) received from 35
2025/01/07 16:07:27 [notice] 1#1: worker process 35 exited with code 0
2025/01/07 16:07:27 [notice] 1#1: signal 29 (SIGIO) received
2025/01/07 16:07:27 [notice] 1#1: signal 17 (SIGCHLD) received from 34
2025/01/07 16:07:27 [notice] 1#1: worker process 34 exited with code 0
2025/01/07 16:07:27 [notice] 1#1: exit
2025/01/08 04:06:38 [notice] 1#1: using the "epoll" event method
2025/01/08 04:06:38 [notice] 1#1: nginx/1.26.2
2025/01/08 04:06:38 [notice] 1#1: built by gcc 13.2.1 20240309 (Alpine 13.2.1_git20240309) 
2025/01/08 04:06:38 [notice] 1#1: OS: Linux 6.8.0-51-generic
2025/01/08 04:06:38 [notice] 1#1: getrlimit(RLIMIT_NOFILE): 1048576:1048576
2025/01/08 04:06:38 [notice] 1#1: start worker processes
2025/01/08 04:06:38 [notice] 1#1: start worker process 20
2025/01/08 04:06:38 [notice] 1#1: start worker process 21
2025/01/08 04:06:38 [notice] 1#1: start worker process 22
2025/01/08 04:06:38 [notice] 1#1: start worker process 23
2025/01/08 04:06:38 [notice] 1#1: start worker process 24
2025/01/08 04:06:38 [notice] 1#1: start worker process 25
2025/01/08 04:06:38 [notice] 1#1: start worker process 26
2025/01/08 04:06:38 [notice] 1#1: start worker process 27
2025/01/08 04:06:38 [notice] 1#1: start worker process 28
2025/01/08 04:06:38 [notice] 1#1: start worker process 29
2025/01/08 04:06:38 [notice] 1#1: start worker process 30
2025/01/08 04:06:38 [notice] 1#1: start worker process 31
2025/01/08 04:06:38 [notice] 1#1: start worker process 32
2025/01/08 04:06:38 [notice] 1#1: start worker process 33
2025/01/08 04:06:38 [notice] 1#1: start worker process 34
2025/01/08 04:06:38 [notice] 1#1: start worker process 35
2025/01/08 04:06:49 [notice] 1#1: signal 3 (SIGQUIT) received, shutting down
2025/01/08 04:06:49 [notice] 20#20: gracefully shutting down
2025/01/08 04:06:49 [notice] 21#21: gracefully shutting down
2025/01/08 04:06:49 [notice] 22#22: gracefully shutting down
2025/01/08 04:06:49 [notice] 23#23: gracefully shutting down
2025/01/08 04:06:49 [notice] 24#24: gracefully shutting down
2025/01/08 04:06:49 [notice] 20#20: exiting
2025/01/08 04:06:49 [notice] 28#28: gracefully shutting down
2025/01/08 04:06:49 [notice] 21#21: exiting
2025/01/08 04:06:49 [notice] 29#29: gracefully shutting down
2025/01/08 04:06:49 [notice] 27#27: gracefully shutting down
2025/01/08 04:06:49 [notice] 25#25: gracefully shutting down
2025/01/08 04:06:49 [notice] 26#26: gracefully shutting down
2025/01/08 04:06:49 [notice] 30#30: gracefully shutting down
2025/01/08 04:06:49 [notice] 22#22: exiting
2025/01/08 04:06:49 [notice] 23#23: exiting
2025/01/08 04:06:49 [notice] 31#31: gracefully shutting down
2025/01/08 04:06:49 [notice] 24#24: exiting
2025/01/08 04:06:49 [notice] 34#34: gracefully shutting down
2025/01/08 04:06:49 [notice] 28#28: exiting
2025/01/08 04:06:49 [notice] 29#29: exiting
2025/01/08 04:06:49 [notice] 27#27: exiting
2025/01/08 04:06:49 [notice] 25#25: exiting
2025/01/08 04:06:49 [notice] 32#32: gracefully shutting down
2025/01/08 04:06:49 [notice] 26#26: exiting
2025/01/08 04:06:49 [notice] 30#30: exiting
2025/01/08 04:06:49 [notice] 31#31: exiting
2025/01/08 04:06:49 [notice] 34#34: exiting
2025/01/08 04:06:49 [notice] 32#32: exiting
2025/01/08 04:06:49 [notice] 20#20: exit
2025/01/08 04:06:49 [notice] 21#21: exit
2025/01/08 04:06:49 [notice] 33#33: gracefully shutting down
2025/01/08 04:06:49 [notice] 33#33: exiting
2025/01/08 04:06:49 [notice] 26#26: exit
2025/01/08 04:06:49 [notice] 28#28: exit
2025/01/08 04:06:49 [notice] 22#22: exit
2025/01/08 04:06:49 [notice] 31#31: exit
2025/01/08 04:06:49 [notice] 34#34: exit
2025/01/08 04:06:49 [notice] 23#23: exit
2025/01/08 04:06:49 [notice] 27#27: exit
2025/01/08 04:06:49 [notice] 24#24: exit
2025/01/08 04:06:49 [notice] 25#25: exit
2025/01/08 04:06:49 [notice] 30#30: exit
2025/01/08 04:06:49 [notice] 29#29: exit
2025/01/08 04:06:49 [notice] 32#32: exit
2025/01/08 04:06:49 [notice] 33#33: exit
2025/01/08 04:06:49 [notice] 35#35: gracefully shutting down
2025/01/08 04:06:49 [notice] 35#35: exiting
2025/01/08 04:06:49 [notice] 35#35: exit
2025/01/08 04:06:49 [notice] 1#1: signal 17 (SIGCHLD) received from 26
2025/01/08 04:06:49 [notice] 1#1: worker process 26 exited with code 0
2025/01/08 04:06:49 [notice] 1#1: signal 29 (SIGIO) received
2025/01/08 04:06:49 [notice] 1#1: signal 17 (SIGCHLD) received from 21
2025/01/08 04:06:49 [notice] 1#1: worker process 21 exited with code 0
2025/01/08 04:06:49 [notice] 1#1: signal 29 (SIGIO) received
2025/01/08 04:06:49 [notice] 1#1: signal 17 (SIGCHLD) received from 32
2025/01/08 04:06:49 [notice] 1#1: worker process 22 exited with code 0
2025/01/08 04:06:49 [notice] 1#1: worker process 32 exited with code 0
2025/01/08 04:06:49 [notice] 1#1: signal 29 (SIGIO) received
2025/01/08 04:06:49 [notice] 1#1: signal 17 (SIGCHLD) received from 35
2025/01/08 04:06:49 [notice] 1#1: worker process 29 exited with code 0
2025/01/08 04:06:49 [notice] 1#1: worker process 33 exited with code 0
2025/01/08 04:06:49 [notice] 1#1: worker process 34 exited with code 0
2025/01/08 04:06:49 [notice] 1#1: worker process 35 exited with code 0
2025/01/08 04:06:49 [notice] 1#1: signal 29 (SIGIO) received
2025/01/08 04:06:49 [notice] 1#1: signal 17 (SIGCHLD) received from 34
2025/01/08 04:06:49 [notice] 1#1: worker process 27 exited with code 0
2025/01/08 04:06:49 [notice] 1#1: signal 29 (SIGIO) received
2025/01/08 04:06:49 [notice] 1#1: signal 17 (SIGCHLD) received from 31
2025/01/08 04:06:49 [notice] 1#1: worker process 31 exited with code 0
2025/01/08 04:06:49 [notice] 1#1: signal 29 (SIGIO) received
2025/01/08 04:06:49 [notice] 1#1: signal 17 (SIGCHLD) received from 24
2025/01/08 04:06:49 [notice] 1#1: worker process 24 exited with code 0
2025/01/08 04:06:49 [notice] 1#1: signal 29 (SIGIO) received
2025/01/08 04:06:49 [notice] 1#1: signal 17 (SIGCHLD) received from 30
2025/01/08 04:06:49 [notice] 1#1: worker process 30 exited with code 0
2025/01/08 04:06:49 [notice] 1#1: signal 29 (SIGIO) received
2025/01/08 04:06:49 [notice] 1#1: signal 17 (SIGCHLD) received from 25
2025/01/08 04:06:49 [notice] 1#1: worker process 25 exited with code 0
2025/01/08 04:06:49 [notice] 1#1: signal 29 (SIGIO) received
2025/01/08 04:06:49 [notice] 1#1: signal 17 (SIGCHLD) received from 20
2025/01/08 04:06:49 [notice] 1#1: worker process 20 exited with code 0
2025/01/08 04:06:49 [notice] 1#1: signal 29 (SIGIO) received
2025/01/08 04:06:49 [notice] 1#1: signal 17 (SIGCHLD) received from 23
2025/01/08 04:06:49 [notice] 1#1: worker process 23 exited with code 0
2025/01/08 04:06:49 [notice] 1#1: signal 29 (SIGIO) received
2025/01/08 04:06:49 [notice] 1#1: signal 17 (SIGCHLD) received from 28
2025/01/08 04:06:49 [notice] 1#1: worker process 28 exited with code 0
2025/01/08 04:06:49 [notice] 1#1: exit
2025/01/08 04:06:56 [notice] 1#1: using the "epoll" event method
2025/01/08 04:06:56 [notice] 1#1: nginx/1.26.2
2025/01/08 04:06:56 [notice] 1#1: built by gcc 13.2.1 20240309 (Alpine 13.2.1_git20240309) 
2025/01/08 04:06:56 [notice] 1#1: OS: Linux 6.8.0-51-generic
2025/01/08 04:06:56 [notice] 1#1: getrlimit(RLIMIT_NOFILE): 1048576:1048576
2025/01/08 04:06:56 [notice] 1#1: start worker processes
2025/01/08 04:06:56 [notice] 1#1: start worker process 20
2025/01/08 04:06:56 [notice] 1#1: start worker process 21
2025/01/08 04:06:56 [notice] 1#1: start worker process 22
2025/01/08 04:06:56 [notice] 1#1: start worker process 23
2025/01/08 04:06:56 [notice] 1#1: start worker process 24
2025/01/08 04:06:56 [notice] 1#1: start worker process 25
2025/01/08 04:06:56 [notice] 1#1: start worker process 26
2025/01/08 04:06:56 [notice] 1#1: start worker process 27
2025/01/08 04:06:56 [notice] 1#1: start worker process 28
2025/01/08 04:06:56 [notice] 1#1: start worker process 29
2025/01/08 04:06:56 [notice] 1#1: start worker process 30
2025/01/08 04:06:56 [notice] 1#1: start worker process 31
2025/01/08 04:06:56 [notice] 1#1: start worker process 32
2025/01/08 04:06:56 [notice] 1#1: start worker process 33
2025/01/08 04:06:56 [notice] 1#1: start worker process 34
2025/01/08 04:06:56 [notice] 1#1: start worker process 35
2025/01/08 06:13:51 [warn] 22#22: *158 a client request body is buffered to a temporary file /var/cache/nginx/client_temp/0000000001, client: 172.24.0.1, server: localhost, request: "POST /files HTTP/1.1", host: "localhost:9800", referrer: "http://localhost:9800/files/create"
2025/01/08 06:16:05 [warn] 21#21: *167 a client request body is buffered to a temporary file /var/cache/nginx/client_temp/0000000002, client: 172.24.0.1, server: localhost, request: "POST /files HTTP/1.1", host: "localhost:9800", referrer: "http://localhost:9800/files/create"
2025/01/08 06:16:09 [warn] 21#21: *167 a client request body is buffered to a temporary file /var/cache/nginx/client_temp/0000000003, client: 172.24.0.1, server: localhost, request: "POST /files HTTP/1.1", host: "localhost:9800", referrer: "http://localhost:9800/files/create"
2025/01/08 06:16:39 [warn] 21#21: *167 a client request body is buffered to a temporary file /var/cache/nginx/client_temp/0000000004, client: 172.24.0.1, server: localhost, request: "POST /files HTTP/1.1", host: "localhost:9800", referrer: "http://localhost:9800/files/create"
2025/01/08 06:17:48 [warn] 21#21: *173 a client request body is buffered to a temporary file /var/cache/nginx/client_temp/0000000005, client: 172.24.0.1, server: localhost, request: "POST /files HTTP/1.1", host: "localhost:9800", referrer: "http://localhost:9800/files/create"
2025/01/08 06:18:44 [warn] 21#21: *173 a client request body is buffered to a temporary file /var/cache/nginx/client_temp/0000000006, client: 172.24.0.1, server: localhost, request: "POST /files HTTP/1.1", host: "localhost:9800", referrer: "http://localhost:9800/files/create"
2025/01/08 06:29:38 [warn] 21#21: *205 a client request body is buffered to a temporary file /var/cache/nginx/client_temp/0000000007, client: 172.24.0.1, server: localhost, request: "POST /files HTTP/1.1", host: "localhost:9800", referrer: "http://localhost:9800/files/create"
2025/01/08 06:48:58 [warn] 26#26: *266 an upstream response is buffered to a temporary file /var/cache/nginx/fastcgi_temp/8/00/0000000008 while reading upstream, client: 172.24.0.1, server: localhost, request: "GET /files/3/edit HTTP/1.1", upstream: "fastcgi://172.24.0.3:9000", host: "localhost:9800", referrer: "http://localhost:9800/files/3/edit"
2025/01/08 06:52:11 [warn] 26#26: *271 a client request body is buffered to a temporary file /var/cache/nginx/client_temp/0000000009, client: 172.24.0.1, server: localhost, request: "POST /files HTTP/1.1", host: "localhost:9800", referrer: "http://localhost:9800/files/create"
2025/01/08 15:18:57 [notice] 1#1: signal 3 (SIGQUIT) received, shutting down
2025/01/08 15:18:57 [notice] 31#31: gracefully shutting down
2025/01/08 15:18:57 [notice] 30#30: gracefully shutting down
2025/01/08 15:18:57 [notice] 32#32: gracefully shutting down
2025/01/08 15:18:57 [notice] 33#33: gracefully shutting down
2025/01/08 15:18:57 [notice] 28#28: gracefully shutting down
2025/01/08 15:18:57 [notice] 20#20: gracefully shutting down
2025/01/08 15:18:57 [notice] 25#25: gracefully shutting down
2025/01/08 15:18:57 [notice] 24#24: gracefully shutting down
2025/01/08 15:18:57 [notice] 26#26: gracefully shutting down
2025/01/08 15:18:57 [notice] 34#34: gracefully shutting down
2025/01/08 15:18:57 [notice] 21#21: gracefully shutting down
2025/01/08 15:18:57 [notice] 27#27: gracefully shutting down
2025/01/08 15:18:57 [notice] 22#22: gracefully shutting down
2025/01/08 15:18:57 [notice] 29#29: gracefully shutting down
2025/01/08 15:18:57 [notice] 23#23: gracefully shutting down
2025/01/08 15:18:57 [notice] 35#35: gracefully shutting down
2025/01/08 15:18:57 [notice] 30#30: exiting
2025/01/08 15:18:57 [notice] 20#20: exiting
2025/01/08 15:18:57 [notice] 31#31: exiting
2025/01/08 15:18:57 [notice] 33#33: exiting
2025/01/08 15:18:57 [notice] 28#28: exiting
2025/01/08 15:18:57 [notice] 32#32: exiting
2025/01/08 15:18:57 [notice] 25#25: exiting
2025/01/08 15:18:57 [notice] 24#24: exiting
2025/01/08 15:18:57 [notice] 27#27: exiting
2025/01/08 15:18:57 [notice] 35#35: exiting
2025/01/08 15:18:57 [notice] 23#23: exiting
2025/01/08 15:18:57 [notice] 26#26: exiting
2025/01/08 15:18:57 [notice] 29#29: exiting
2025/01/08 15:18:57 [notice] 21#21: exiting
2025/01/08 15:18:57 [notice] 22#22: exiting
2025/01/08 15:18:57 [notice] 34#34: exiting
2025/01/08 15:18:57 [notice] 30#30: exit
2025/01/08 15:18:57 [notice] 31#31: exit
2025/01/08 15:18:57 [notice] 28#28: exit
2025/01/08 15:18:57 [notice] 32#32: exit
2025/01/08 15:18:57 [notice] 23#23: exit
2025/01/08 15:18:57 [notice] 33#33: exit
2025/01/08 15:18:57 [notice] 20#20: exit
2025/01/08 15:18:57 [notice] 26#26: exit
2025/01/08 15:18:57 [notice] 27#27: exit
2025/01/08 15:18:57 [notice] 35#35: exit
2025/01/08 15:18:57 [notice] 24#24: exit
2025/01/08 15:18:57 [notice] 21#21: exit
2025/01/08 15:18:57 [notice] 25#25: exit
2025/01/08 15:18:57 [notice] 22#22: exit
2025/01/08 15:18:57 [notice] 29#29: exit
2025/01/08 15:18:57 [notice] 34#34: exit
2025/01/08 15:18:57 [notice] 1#1: signal 17 (SIGCHLD) received from 22
2025/01/08 15:18:57 [notice] 1#1: worker process 22 exited with code 0
2025/01/08 15:18:57 [notice] 1#1: worker process 33 exited with code 0
2025/01/08 15:18:57 [notice] 1#1: worker process 34 exited with code 0
2025/01/08 15:18:57 [notice] 1#1: signal 29 (SIGIO) received
2025/01/08 15:18:57 [notice] 1#1: signal 17 (SIGCHLD) received from 23
2025/01/08 15:18:57 [notice] 1#1: worker process 20 exited with code 0
2025/01/08 15:18:57 [notice] 1#1: worker process 23 exited with code 0
2025/01/08 15:18:57 [notice] 1#1: worker process 25 exited with code 0
2025/01/08 15:18:57 [notice] 1#1: worker process 28 exited with code 0
2025/01/08 15:18:57 [notice] 1#1: worker process 29 exited with code 0
2025/01/08 15:18:57 [notice] 1#1: signal 29 (SIGIO) received
2025/01/08 15:18:57 [notice] 1#1: signal 17 (SIGCHLD) received from 24
2025/01/08 15:18:57 [notice] 1#1: worker process 24 exited with code 0
2025/01/08 15:18:57 [notice] 1#1: worker process 26 exited with code 0
2025/01/08 15:18:57 [notice] 1#1: signal 29 (SIGIO) received
2025/01/08 15:18:57 [notice] 1#1: signal 17 (SIGCHLD) received from 30
2025/01/08 15:18:57 [notice] 1#1: worker process 30 exited with code 0
2025/01/08 15:18:57 [notice] 1#1: signal 29 (SIGIO) received
2025/01/08 15:18:57 [notice] 1#1: signal 17 (SIGCHLD) received from 32
2025/01/08 15:18:57 [notice] 1#1: worker process 32 exited with code 0
2025/01/08 15:18:57 [notice] 1#1: worker process 35 exited with code 0
2025/01/08 15:18:57 [notice] 1#1: signal 29 (SIGIO) received
2025/01/08 15:18:57 [notice] 1#1: signal 17 (SIGCHLD) received from 35
2025/01/08 15:18:57 [notice] 1#1: signal 17 (SIGCHLD) received from 27
2025/01/08 15:18:57 [notice] 1#1: worker process 27 exited with code 0
2025/01/08 15:18:57 [notice] 1#1: signal 29 (SIGIO) received
2025/01/08 15:18:57 [notice] 1#1: signal 17 (SIGCHLD) received from 31
2025/01/08 15:18:57 [notice] 1#1: worker process 31 exited with code 0
2025/01/08 15:18:57 [notice] 1#1: signal 17 (SIGCHLD) received from 21
2025/01/08 15:18:57 [notice] 1#1: worker process 21 exited with code 0
2025/01/08 15:18:57 [notice] 1#1: exit
2025/01/09 04:32:14 [notice] 1#1: using the "epoll" event method
2025/01/09 04:32:14 [notice] 1#1: nginx/1.26.2
2025/01/09 04:32:14 [notice] 1#1: built by gcc 13.2.1 20240309 (Alpine 13.2.1_git20240309) 
2025/01/09 04:32:14 [notice] 1#1: OS: Linux 6.8.0-51-generic
2025/01/09 04:32:14 [notice] 1#1: getrlimit(RLIMIT_NOFILE): 1048576:1048576
2025/01/09 04:32:14 [notice] 1#1: start worker processes
2025/01/09 04:32:14 [notice] 1#1: start worker process 20
2025/01/09 04:32:14 [notice] 1#1: start worker process 21
2025/01/09 04:32:14 [notice] 1#1: start worker process 22
2025/01/09 04:32:14 [notice] 1#1: start worker process 23
2025/01/09 04:32:14 [notice] 1#1: start worker process 24
2025/01/09 04:32:14 [notice] 1#1: start worker process 25
2025/01/09 04:32:14 [notice] 1#1: start worker process 26
2025/01/09 04:32:14 [notice] 1#1: start worker process 27
2025/01/09 04:32:14 [notice] 1#1: start worker process 28
2025/01/09 04:32:14 [notice] 1#1: start worker process 29
2025/01/09 04:32:14 [notice] 1#1: start worker process 30
2025/01/09 04:32:14 [notice] 1#1: start worker process 31
2025/01/09 04:32:14 [notice] 1#1: start worker process 32
2025/01/09 04:32:14 [notice] 1#1: start worker process 33
2025/01/09 04:32:14 [notice] 1#1: start worker process 34
2025/01/09 04:32:14 [notice] 1#1: start worker process 35
2025/01/09 05:13:30 [warn] 20#20: *68 a client request body is buffered to a temporary file /var/cache/nginx/client_temp/0000000001, client: 172.24.0.1, server: localhost, request: "POST /files HTTP/1.1", host: "localhost:9800", referrer: "http://localhost:9800/files/create"
2025/01/09 05:13:44 [warn] 20#20: *68 a client request body is buffered to a temporary file /var/cache/nginx/client_temp/0000000002, client: 172.24.0.1, server: localhost, request: "POST /files HTTP/1.1", host: "localhost:9800", referrer: "http://localhost:9800/files/create"
2025/01/09 05:13:59 [warn] 20#20: *68 a client request body is buffered to a temporary file /var/cache/nginx/client_temp/0000000003, client: 172.24.0.1, server: localhost, request: "POST /files HTTP/1.1", host: "localhost:9800", referrer: "http://localhost:9800/files/create"
2025/01/09 06:53:36 [notice] 1#1: signal 3 (SIGQUIT) received, shutting down
2025/01/09 06:53:36 [notice] 20#20: gracefully shutting down
2025/01/09 06:53:36 [notice] 22#22: gracefully shutting down
2025/01/09 06:53:36 [notice] 21#21: gracefully shutting down
2025/01/09 06:53:36 [notice] 23#23: gracefully shutting down
2025/01/09 06:53:36 [notice] 21#21: exiting
2025/01/09 06:53:36 [notice] 34#34: gracefully shutting down
2025/01/09 06:53:36 [notice] 20#20: exiting
2025/01/09 06:53:36 [notice] 35#35: gracefully shutting down
2025/01/09 06:53:36 [notice] 27#27: gracefully shutting down
2025/01/09 06:53:36 [notice] 32#32: gracefully shutting down
2025/01/09 06:53:36 [notice] 26#26: gracefully shutting down
2025/01/09 06:53:36 [notice] 28#28: gracefully shutting down
2025/01/09 06:53:36 [notice] 25#25: gracefully shutting down
2025/01/09 06:53:36 [notice] 22#22: exiting
2025/01/09 06:53:36 [notice] 29#29: gracefully shutting down
2025/01/09 06:53:36 [notice] 23#23: exiting
2025/01/09 06:53:36 [notice] 31#31: gracefully shutting down
2025/01/09 06:53:36 [notice] 24#24: gracefully shutting down
2025/01/09 06:53:36 [notice] 30#30: gracefully shutting down
2025/01/09 06:53:36 [notice] 33#33: gracefully shutting down
2025/01/09 06:53:36 [notice] 22#22: exit
2025/01/09 06:53:36 [notice] 20#20: exit
2025/01/09 06:53:36 [notice] 21#21: exit
2025/01/09 06:53:36 [notice] 35#35: exiting
2025/01/09 06:53:36 [notice] 26#26: exiting
2025/01/09 06:53:36 [notice] 30#30: exiting
2025/01/09 06:53:36 [notice] 34#34: exiting
2025/01/09 06:53:36 [notice] 27#27: exiting
2025/01/09 06:53:36 [notice] 28#28: exiting
2025/01/09 06:53:36 [notice] 25#25: exiting
2025/01/09 06:53:36 [notice] 32#32: exiting
2025/01/09 06:53:36 [notice] 23#23: exit
2025/01/09 06:53:36 [notice] 29#29: exiting
2025/01/09 06:53:36 [notice] 31#31: exiting
2025/01/09 06:53:36 [notice] 24#24: exiting
2025/01/09 06:53:36 [notice] 34#34: exit
2025/01/09 06:53:36 [notice] 25#25: exit
2025/01/09 06:53:36 [notice] 31#31: exit
2025/01/09 06:53:36 [notice] 33#33: exiting
2025/01/09 06:53:36 [notice] 35#35: exit
2025/01/09 06:53:36 [notice] 27#27: exit
2025/01/09 06:53:36 [notice] 26#26: exit
2025/01/09 06:53:36 [notice] 30#30: exit
2025/01/09 06:53:36 [notice] 28#28: exit
2025/01/09 06:53:36 [notice] 32#32: exit
2025/01/09 06:53:36 [notice] 24#24: exit
2025/01/09 06:53:36 [notice] 29#29: exit
2025/01/09 06:53:36 [notice] 33#33: exit
2025/01/09 06:53:36 [notice] 1#1: signal 17 (SIGCHLD) received from 20
2025/01/09 06:53:36 [notice] 1#1: worker process 20 exited with code 0
2025/01/09 06:53:36 [notice] 1#1: worker process 25 exited with code 0
2025/01/09 06:53:36 [notice] 1#1: worker process 32 exited with code 0
2025/01/09 06:53:36 [notice] 1#1: worker process 34 exited with code 0
2025/01/09 06:53:36 [notice] 1#1: signal 29 (SIGIO) received
2025/01/09 06:53:36 [notice] 1#1: signal 17 (SIGCHLD) received from 34
2025/01/09 06:53:36 [notice] 1#1: worker process 22 exited with code 0
2025/01/09 06:53:36 [notice] 1#1: signal 29 (SIGIO) received
2025/01/09 06:53:36 [notice] 1#1: signal 17 (SIGCHLD) received from 29
2025/01/09 06:53:36 [notice] 1#1: worker process 21 exited with code 0
2025/01/09 06:53:36 [notice] 1#1: worker process 23 exited with code 0
2025/01/09 06:53:36 [notice] 1#1: worker process 24 exited with code 0
2025/01/09 06:53:36 [notice] 1#1: worker process 26 exited with code 0
2025/01/09 06:53:36 [notice] 1#1: worker process 27 exited with code 0
2025/01/09 06:53:36 [notice] 1#1: worker process 29 exited with code 0
2025/01/09 06:53:36 [notice] 1#1: worker process 30 exited with code 0
2025/01/09 06:53:36 [notice] 1#1: worker process 28 exited with code 0
2025/01/09 06:53:36 [notice] 1#1: worker process 33 exited with code 0
2025/01/09 06:53:36 [notice] 1#1: worker process 35 exited with code 0
2025/01/09 06:53:36 [notice] 1#1: signal 29 (SIGIO) received
2025/01/09 06:53:36 [notice] 1#1: signal 17 (SIGCHLD) received from 28
2025/01/09 06:53:36 [notice] 1#1: signal 17 (SIGCHLD) received from 31
2025/01/09 06:53:36 [notice] 1#1: worker process 31 exited with code 0
2025/01/09 06:53:36 [notice] 1#1: exit
2025/01/09 07:11:07 [notice] 1#1: using the "epoll" event method
2025/01/09 07:11:07 [notice] 1#1: nginx/1.26.2
2025/01/09 07:11:07 [notice] 1#1: built by gcc 13.2.1 20240309 (Alpine 13.2.1_git20240309) 
2025/01/09 07:11:07 [notice] 1#1: OS: Linux 6.8.0-51-generic
2025/01/09 07:11:07 [notice] 1#1: getrlimit(RLIMIT_NOFILE): 1048576:1048576
2025/01/09 07:11:07 [notice] 1#1: start worker processes
2025/01/09 07:11:07 [notice] 1#1: start worker process 20
2025/01/09 07:11:07 [notice] 1#1: start worker process 21
2025/01/09 07:11:07 [notice] 1#1: start worker process 22
2025/01/09 07:11:07 [notice] 1#1: start worker process 23
2025/01/09 07:11:07 [notice] 1#1: start worker process 24
2025/01/09 07:11:07 [notice] 1#1: start worker process 25
2025/01/09 07:11:07 [notice] 1#1: start worker process 26
2025/01/09 07:11:07 [notice] 1#1: start worker process 27
2025/01/09 07:11:07 [notice] 1#1: start worker process 28
2025/01/09 07:11:07 [notice] 1#1: start worker process 29
2025/01/09 07:11:07 [notice] 1#1: start worker process 30
2025/01/09 07:11:07 [notice] 1#1: start worker process 31
2025/01/09 07:11:07 [notice] 1#1: start worker process 32
2025/01/09 07:11:07 [notice] 1#1: start worker process 33
2025/01/09 07:11:07 [notice] 1#1: start worker process 34
2025/01/09 07:11:07 [notice] 1#1: start worker process 35
2025/01/09 14:32:49 [notice] 1#1: signal 3 (SIGQUIT) received, shutting down
2025/01/09 14:32:49 [notice] 20#20: gracefully shutting down
2025/01/09 14:32:49 [notice] 25#25: gracefully shutting down
2025/01/09 14:32:49 [notice] 20#20: exiting
2025/01/09 14:32:49 [notice] 30#30: gracefully shutting down
2025/01/09 14:32:49 [notice] 25#25: exiting
2025/01/09 14:32:49 [notice] 21#21: gracefully shutting down
2025/01/09 14:32:49 [notice] 30#30: exiting
2025/01/09 14:32:49 [notice] 22#22: gracefully shutting down
2025/01/09 14:32:49 [notice] 21#21: exiting
2025/01/09 14:32:49 [notice] 23#23: gracefully shutting down
2025/01/09 14:32:49 [notice] 24#24: gracefully shutting down
2025/01/09 14:32:49 [notice] 22#22: exiting
2025/01/09 14:32:49 [notice] 34#34: gracefully shutting down
2025/01/09 14:32:49 [notice] 27#27: gracefully shutting down
2025/01/09 14:32:49 [notice] 23#23: exiting
2025/01/09 14:32:49 [notice] 35#35: gracefully shutting down
2025/01/09 14:32:49 [notice] 24#24: exiting
2025/01/09 14:32:49 [notice] 27#27: exiting
2025/01/09 14:32:49 [notice] 35#35: exiting
2025/01/09 14:32:49 [notice] 34#34: exiting
2025/01/09 14:32:49 [notice] 28#28: gracefully shutting down
2025/01/09 14:32:49 [notice] 29#29: gracefully shutting down
2025/01/09 14:32:49 [notice] 28#28: exiting
2025/01/09 14:32:49 [notice] 29#29: exiting
2025/01/09 14:32:49 [notice] 26#26: gracefully shutting down
2025/01/09 14:32:49 [notice] 31#31: gracefully shutting down
2025/01/09 14:32:49 [notice] 26#26: exiting
2025/01/09 14:32:49 [notice] 31#31: exiting
2025/01/09 14:32:49 [notice] 32#32: gracefully shutting down
2025/01/09 14:32:49 [notice] 33#33: gracefully shutting down
2025/01/09 14:32:49 [notice] 32#32: exiting
2025/01/09 14:32:49 [notice] 33#33: exiting
2025/01/09 14:32:49 [notice] 24#24: exit
2025/01/09 14:32:49 [notice] 34#34: exit
2025/01/09 14:32:49 [notice] 35#35: exit
2025/01/09 14:32:49 [notice] 28#28: exit
2025/01/09 14:32:49 [notice] 30#30: exit
2025/01/09 14:32:49 [notice] 26#26: exit
2025/01/09 14:32:49 [notice] 22#22: exit
2025/01/09 14:32:49 [notice] 33#33: exit
2025/01/09 14:32:49 [notice] 23#23: exit
2025/01/09 14:32:49 [notice] 29#29: exit
2025/01/09 14:32:49 [notice] 25#25: exit
2025/01/09 14:32:49 [notice] 31#31: exit
2025/01/09 14:32:49 [notice] 27#27: exit
2025/01/09 14:32:49 [notice] 21#21: exit
2025/01/09 14:32:49 [notice] 20#20: exit
2025/01/09 14:32:49 [notice] 32#32: exit
2025/01/09 14:32:49 [notice] 1#1: signal 17 (SIGCHLD) received from 26
2025/01/09 14:32:49 [notice] 1#1: worker process 26 exited with code 0
2025/01/09 14:32:49 [notice] 1#1: worker process 20 exited with code 0
2025/01/09 14:32:49 [notice] 1#1: worker process 29 exited with code 0
2025/01/09 14:32:49 [notice] 1#1: worker process 30 exited with code 0
2025/01/09 14:32:49 [notice] 1#1: worker process 33 exited with code 0
2025/01/09 14:32:49 [notice] 1#1: worker process 22 exited with code 0
2025/01/09 14:32:49 [notice] 1#1: worker process 34 exited with code 0
2025/01/09 14:32:49 [notice] 1#1: worker process 35 exited with code 0
2025/01/09 14:32:49 [notice] 1#1: signal 29 (SIGIO) received
2025/01/09 14:32:49 [notice] 1#1: signal 17 (SIGCHLD) received from 20
2025/01/09 14:32:49 [notice] 1#1: worker process 24 exited with code 0
2025/01/09 14:32:49 [notice] 1#1: signal 29 (SIGIO) received
2025/01/09 14:32:49 [notice] 1#1: signal 17 (SIGCHLD) received from 32
2025/01/09 14:32:49 [notice] 1#1: worker process 25 exited with code 0
2025/01/09 14:32:49 [notice] 1#1: worker process 23 exited with code 0
2025/01/09 14:32:49 [notice] 1#1: worker process 32 exited with code 0
2025/01/09 14:32:49 [notice] 1#1: signal 29 (SIGIO) received
2025/01/09 14:32:49 [notice] 1#1: signal 17 (SIGCHLD) received from 23
2025/01/09 14:32:49 [notice] 1#1: worker process 28 exited with code 0
2025/01/09 14:32:49 [notice] 1#1: signal 29 (SIGIO) received
2025/01/09 14:32:49 [notice] 1#1: signal 17 (SIGCHLD) received from 21
2025/01/09 14:32:49 [notice] 1#1: worker process 21 exited with code 0
2025/01/09 14:32:49 [notice] 1#1: worker process 27 exited with code 0
2025/01/09 14:32:49 [notice] 1#1: worker process 31 exited with code 0
2025/01/09 14:32:49 [notice] 1#1: exit
